2026-04-02 21:51:34 [main] INFO  com.shopease.EcommerceApplication - Starting EcommerceApplication using Java 22.0.2 with PID 4896 (E:\backend\target\classes started by hp in E:\backend)
2026-04-02 21:51:34 [main] DEBUG com.shopease.EcommerceApplication - Running with Spring Boot v3.2.1, Spring v6.1.2
2026-04-02 21:51:34 [main] INFO  com.shopease.EcommerceApplication - No active profile set, falling back to 1 default profile: "default"
2026-04-02 21:51:42 [main] INFO  o.s.d.r.c.RepositoryConfigurationDelegate - Bootstrapping Spring Data JPA repositories in DEFAULT mode.
2026-04-02 21:51:42 [main] INFO  o.s.d.r.c.RepositoryConfigurationDelegate - Finished Spring Data repository scanning in 244 ms. Found 6 JPA repository interfaces.
2026-04-02 21:52:26 [main] INFO  o.s.b.w.e.tomcat.TomcatWebServer - Tomcat initialized with port 8080 (http)
2026-04-02 21:52:33 [main] INFO  o.a.catalina.core.StandardService - Starting service [Tomcat]
2026-04-02 21:52:33 [main] INFO  o.a.catalina.core.StandardEngine - Starting Servlet engine: [Apache Tomcat/10.1.17]
2026-04-02 21:53:02 [main] INFO  o.a.c.c.C.[Tomcat].[localhost].[/] - Initializing Spring embedded WebApplicationContext
2026-04-02 21:53:02 [main] INFO  o.s.b.w.s.c.ServletWebServerApplicationContext - Root WebApplicationContext: initialization completed in 87591 ms
2026-04-02 21:53:29 [main] INFO  o.h.jpa.internal.util.LogHelper - HHH000204: Processing PersistenceUnitInfo [name: default]
2026-04-02 21:53:30 [main] INFO  org.hibernate.Version - HHH000412: Hibernate ORM core version 6.4.1.Final
2026-04-02 21:53:31 [main] INFO  o.h.c.i.RegionFactoryInitiator - HHH000026: Second-level cache disabled
2026-04-02 21:53:33 [main] INFO  o.s.o.j.p.SpringPersistenceUnitInfo - No LoadTimeWeaver setup: ignoring JPA class transformer
2026-04-02 21:53:33 [main] INFO  com.zaxxer.hikari.HikariDataSource - HikariPool-1 - Starting...
2026-04-02 21:54:05 [main] INFO  com.zaxxer.hikari.pool.HikariPool - HikariPool-1 - Added connection com.mysql.cj.jdbc.ConnectionImpl@37d3aa8c
2026-04-02 21:54:05 [main] INFO  com.zaxxer.hikari.HikariDataSource - HikariPool-1 - Start completed.
2026-04-02 21:54:06 [main] WARN  org.hibernate.orm.deprecation - HHH90000025: MySQLDialect does not need to be specified explicitly using 'hibernate.dialect' (remove the property setting and it will be selected by default)
2026-04-02 21:54:12 [main] INFO  o.h.e.t.j.p.i.JtaPlatformInitiator - HHH000489: No JTA platform available (set 'hibernate.transaction.jta.platform' to enable JTA platform integration)
2026-04-02 21:54:13 [main] INFO  o.s.o.j.LocalContainerEntityManagerFactoryBean - Initialized JPA EntityManagerFactory for persistence unit 'default'
2026-04-02 21:54:14 [main] INFO  o.s.d.j.r.query.QueryEnhancerFactory - Hibernate is in classpath; If applicable, HQL parser will be used.
2026-04-02 21:54:16 [main] DEBUG c.s.security.JwtAuthenticationFilter - Filter 'jwtAuthenticationFilter' configured for use
2026-04-02 21:54:20 [main] INFO  o.s.s.web.DefaultSecurityFilterChain - Will secure any request with [org.springframework.security.web.session.DisableEncodeUrlFilter@68535137, org.springframework.security.web.context.request.async.WebAsyncManagerIntegrationFilter@14062855, org.springframework.security.web.context.SecurityContextHolderFilter@4eb168a1, org.springframework.security.web.header.HeaderWriterFilter@4ac2d69c, org.springframework.web.filter.CorsFilter@5c954e6c, org.springframework.security.web.authentication.logout.LogoutFilter@225fe13f, com.shopease.security.JwtAuthenticationFilter@5565d718, org.springframework.security.web.savedrequest.RequestCacheAwareFilter@43f0a612, org.springframework.security.web.servletapi.SecurityContextHolderAwareRequestFilter@592e7718, org.springframework.security.web.authentication.AnonymousAuthenticationFilter@42542698, org.springframework.security.web.session.SessionManagementFilter@77e55368, org.springframework.security.web.access.ExceptionTranslationFilter@665e9a87, org.springframework.security.web.access.intercept.AuthorizationFilter@7f006525]
2026-04-02 21:54:33 [main] INFO  o.s.b.w.e.tomcat.TomcatWebServer - Tomcat started on port 8080 (http) with context path ''
2026-04-02 21:54:34 [main] INFO  com.shopease.EcommerceApplication - Started EcommerceApplication in 182.424 seconds (process running for 187.391)
2026-04-02 21:54:41 [http-nio-8080-exec-1] INFO  o.a.c.c.C.[Tomcat].[localhost].[/] - Initializing Spring DispatcherServlet 'dispatcherServlet'
2026-04-02 21:54:41 [http-nio-8080-exec-1] INFO  o.s.web.servlet.DispatcherServlet - Initializing Servlet 'dispatcherServlet'
2026-04-02 21:54:41 [http-nio-8080-exec-1] INFO  o.s.web.servlet.DispatcherServlet - Completed initialization in 0 ms
2026-04-02 21:54:47 [http-nio-8080-exec-10] INFO  o.s.api.AbstractOpenApiResource - Init duration for springdoc-openapi is: 2529 ms
2026-04-02 21:55:18 [http-nio-8080-exec-1] ERROR c.s.s.JwtAuthenticationEntryPoint - Unauthorized error: Full authentication is required to access this resource
2026-04-02 21:55:18 [http-nio-8080-exec-2] ERROR c.s.s.JwtAuthenticationEntryPoint - Unauthorized error: Full authentication is required to access this resource
2026-04-02 21:55:29 [http-nio-8080-exec-4] ERROR c.s.s.JwtAuthenticationEntryPoint - Unauthorized error: Full authentication is required to access this resource
2026-04-02 21:55:43 [SpringApplicationShutdownHook] INFO  o.s.o.j.LocalContainerEntityManagerFactoryBean - Closing JPA EntityManagerFactory for persistence unit 'default'
2026-04-02 21:55:43 [SpringApplicationShutdownHook] INFO  com.zaxxer.hikari.HikariDataSource - HikariPool-1 - Shutdown initiated...
2026-04-02 21:55:43 [SpringApplicationShutdownHook] INFO  com.zaxxer.hikari.HikariDataSource - HikariPool-1 - Shutdown completed.
